[2021-11-12 12:15:10.421] [exthost] [info] extension host started
[2021-11-12 12:15:11.959] [exthost] [info] extension host started
[2021-11-12 12:15:12.234] [exthost] [info] ExtensionService#_doActivateExtension vscode.grunt {"startup":false,"extensionId":{"value":"vscode.grunt","_lower":"vscode.grunt"},"activationEvent":"onCommand:workbench.action.tasks.runTask"}
[2021-11-12 12:15:12.235] [exthost] [info] ExtensionService#loadCommonJSModule file:///c:/Users/yszee/.p2/pool/plugins/com.genuitec.eclipse.code.engine.app.win32.x86_64_3.6.0.202002212104/engine/resources/app/extensions/grunt/dist/main
[2021-11-12 12:15:12.304] [exthost] [info] ExtensionService#_doActivateExtension vscode.gulp {"startup":false,"extensionId":{"value":"vscode.gulp","_lower":"vscode.gulp"},"activationEvent":"onCommand:workbench.action.tasks.runTask"}
[2021-11-12 12:15:12.305] [exthost] [info] ExtensionService#loadCommonJSModule file:///c:/Users/yszee/.p2/pool/plugins/com.genuitec.eclipse.code.engine.app.win32.x86_64_3.6.0.202002212104/engine/resources/app/extensions/gulp/dist/main
[2021-11-12 12:15:12.454] [exthost] [info] ExtensionService#_doActivateExtension vscode.jake {"startup":false,"extensionId":{"value":"vscode.jake","_lower":"vscode.jake"},"activationEvent":"onCommand:workbench.action.tasks.runTask"}
[2021-11-12 12:15:12.454] [exthost] [info] ExtensionService#loadCommonJSModule file:///c:/Users/yszee/.p2/pool/plugins/com.genuitec.eclipse.code.engine.app.win32.x86_64_3.6.0.202002212104/engine/resources/app/extensions/jake/dist/main
[2021-11-12 12:15:12.470] [exthost] [info] ExtensionService#_doActivateExtension vscode.npm {"startup":false,"extensionId":{"value":"vscode.npm","_lower":"vscode.npm"},"activationEvent":"onCommand:workbench.action.tasks.runTask"}
[2021-11-12 12:15:12.470] [exthost] [info] ExtensionService#loadCommonJSModule file:///c:/Users/yszee/.p2/pool/plugins/com.genuitec.eclipse.code.engine.app.win32.x86_64_3.6.0.202002212104/engine/resources/app/extensions/npm/dist/main
[2021-11-12 12:15:12.623] [exthost] [info] ExtensionService#_doActivateExtension vscode.typescript-language-features {"startup":false,"extensionId":{"value":"vscode.typescript-language-features","_lower":"vscode.typescript-language-features"},"activationEvent":"onCommand:workbench.action.tasks.runTask"}
[2021-11-12 12:15:12.624] [exthost] [info] ExtensionService#loadCommonJSModule file:///c:/Users/yszee/.p2/pool/plugins/com.genuitec.eclipse.code.engine.app.win32.x86_64_3.6.0.202002212104/engine/resources/app/extensions/typescript-language-features/dist/extension
[2021-11-12 12:15:12.737] [exthost] [info] ExtensionService#_doActivateExtension HookyQR.beautify {"startup":true,"extensionId":{"value":"HookyQR.beautify","_lower":"hookyqr.beautify"},"activationEvent":"*"}
[2021-11-12 12:15:12.738] [exthost] [info] ExtensionService#loadCommonJSModule file:///c:/Users/yszee/.p2/pool/plugins/pack.core.win_3.6.0.202007171759/HookyQR.beautify-1.4.11/extension
[2021-11-12 12:15:13.026] [exthost] [info] ExtensionService#_doActivateExtension christian-kohler.path-intellisense {"startup":true,"extensionId":{"value":"christian-kohler.path-intellisense","_lower":"christian-kohler.path-intellisense"},"activationEvent":"*"}
[2021-11-12 12:15:13.026] [exthost] [info] ExtensionService#loadCommonJSModule file:///c:/Users/yszee/.p2/pool/plugins/pack.core.win_3.6.0.202007171759/christian-kohler.path-intellisense-1.4.2/out/src/extension
[2021-11-12 12:15:13.080] [exthost] [info] ExtensionService#_doActivateExtension dbaeumer.vscode-eslint {"startup":true,"extensionId":{"value":"dbaeumer.vscode-eslint","_lower":"dbaeumer.vscode-eslint"},"activationEvent":"*"}
[2021-11-12 12:15:13.080] [exthost] [info] ExtensionService#loadCommonJSModule file:///c:/Users/yszee/.p2/pool/plugins/pack.core.win_3.6.0.202007171759/dbaeumer.vscode-eslint-1.9.0/client/out/extension
[2021-11-12 12:15:13.133] [exthost] [info] ExtensionService#_doActivateExtension vscode.debug-auto-launch {"startup":true,"extensionId":{"value":"vscode.debug-auto-launch","_lower":"vscode.debug-auto-launch"},"activationEvent":"*"}
[2021-11-12 12:15:13.133] [exthost] [info] ExtensionService#loadCommonJSModule file:///c:/Users/yszee/.p2/pool/plugins/com.genuitec.eclipse.code.engine.app.win32.x86_64_3.6.0.202002212104/engine/resources/app/extensions/debug-auto-launch/dist/extension
[2021-11-12 12:15:13.145] [exthost] [info] ExtensionService#_doActivateExtension vscode.emmet {"startup":true,"extensionId":{"value":"vscode.emmet","_lower":"vscode.emmet"},"activationEvent":"*"}
[2021-11-12 12:15:13.145] [exthost] [info] ExtensionService#loadCommonJSModule file:///c:/Users/yszee/.p2/pool/plugins/com.genuitec.eclipse.code.engine.app.win32.x86_64_3.6.0.202002212104/engine/resources/app/extensions/emmet/dist/extension
[2021-11-12 12:15:13.205] [exthost] [info] ExtensionService#_doActivateExtension formulahendry.auto-close-tag {"startup":true,"extensionId":{"value":"formulahendry.auto-close-tag","_lower":"formulahendry.auto-close-tag"},"activationEvent":"*"}
[2021-11-12 12:15:13.205] [exthost] [info] ExtensionService#loadCommonJSModule file:///c:/Users/yszee/.p2/pool/plugins/pack.core.win_3.6.0.202007171759/formulahendry.auto-close-tag-0.5.6/out/src/extension
[2021-11-12 12:15:13.250] [exthost] [info] eager extensions activated
